<?xml version="1.0" encoding="UTF-8"?>
<testng-results skipped="0" failed="0" total="1" passed="1">
  <reporter-output>
    <line>
      <![CDATA[hola]]>
    </line>
  </reporter-output>
  <suite name="MIBTESTS" duration-ms="26" started-at="2017-02-24T20:36:01Z" finished-at="2017-02-24T20:36:01Z">
    <groups>
    </groups>
    <test name="test" duration-ms="26" started-at="2017-02-24T20:36:01Z" finished-at="2017-02-24T20:36:01Z">
      <class name="tests.Probando">
        <test-method status="PASS" signature="test()[pri:0, instance:tests.Probando@6d00a15d]" name="test" duration-ms="12" started-at="2017-02-24T17:36:01Z" finished-at="2017-02-24T17:36:01Z">
          <reporter-output>
            <line>
              <![CDATA[hola]]>
            </line>
          </reporter-output>
        </test-method> <!-- test -->
      </class> <!-- tests.Probando -->
    </test> <!-- test -->
  </suite> <!-- MIBTESTS -->
</testng-results>
